<?xml version="1.0" encoding="UTF-8"?>
<!-- Generated by org.testng.reporters.JUnitReportReporter -->
<testsuite hostname="DESKTOP-2DJL7E5" failures="0" tests="1" name="RunnerPage.TestRunner" time="0.163" errors="0" timestamp="2022-11-11T17:16:39 IST" skipped="0">
  <testcase classname="RunnerPage.TestRunner" name="runScenario" time="0.163"/>
  <system-out/>
</testsuite> <!-- RunnerPage.TestRunner -->
